[27-Nov-2017 06:09:27 UTC] PHP Warning:  mysqli_error() expects exactly 1 parameter, 0 given in /home/ubuntu/workspace/mysql/functions_sql.php on line 38
[27-Nov-2017 06:09:27 UTC] PHP Stack trace:
[27-Nov-2017 06:09:27 UTC] PHP   1. {main}() /home/ubuntu/workspace/mysql/login_create.php:0
[27-Nov-2017 06:09:27 UTC] PHP   2. create_rows() /home/ubuntu/workspace/mysql/login_create.php:5
[27-Nov-2017 06:09:27 UTC] PHP   3. mysqli_error() /home/ubuntu/workspace/mysql/functions_sql.php:38
[27-Nov-2017 06:31:08 UTC] PHP Fatal error:  Call to undefined function generateRandomString() in /home/ubuntu/workspace/mysql/functions_sql.php on line 30
[27-Nov-2017 06:31:08 UTC] PHP Stack trace:
[27-Nov-2017 06:31:08 UTC] PHP   1. {main}() /home/ubuntu/workspace/mysql/login_create.php:0
[27-Nov-2017 06:31:08 UTC] PHP   2. create_rows() /home/ubuntu/workspace/mysql/login_create.php:5
[28-Nov-2017 04:31:24 UTC] PHP Warning:  include(includess/header.php): failed to open stream: No such file or directory in /home/ubuntu/workspace/cms/index.php on line 1
[28-Nov-2017 04:31:24 UTC] PHP Stack trace:
[28-Nov-2017 04:31:24 UTC] PHP   1. {main}() /home/ubuntu/workspace/cms/index.php:0
[28-Nov-2017 04:31:24 UTC] PHP Warning:  include(): Failed opening 'includess/header.php' for inclusion (include_path='.:/usr/share/php:/usr/share/pear') in /home/ubuntu/workspace/cms/index.php on line 1
[28-Nov-2017 04:31:24 UTC] PHP Stack trace:
[28-Nov-2017 04:31:24 UTC] PHP   1. {main}() /home/ubuntu/workspace/cms/index.php:0
[28-Nov-2017 04:53:33 UTC] PHP Warning:  include(db.php): failed to open stream: No such file or directory in /home/ubuntu/workspace/cms/index.php on line 1
[28-Nov-2017 04:53:33 UTC] PHP Stack trace:
[28-Nov-2017 04:53:33 UTC] PHP   1. {main}() /home/ubuntu/workspace/cms/index.php:0
[28-Nov-2017 04:53:33 UTC] PHP Warning:  include(): Failed opening 'db.php' for inclusion (include_path='.:/usr/share/php:/usr/share/pear') in /home/ubuntu/workspace/cms/index.php on line 1
[28-Nov-2017 04:53:33 UTC] PHP Stack trace:
[28-Nov-2017 04:53:33 UTC] PHP   1. {main}() /home/ubuntu/workspace/cms/index.php:0
[28-Nov-2017 07:14:11 UTC] PHP Parse error:  syntax error, unexpected 'echo' (T_ECHO) in /home/ubuntu/workspace/cms/includes/blog_sidebar.php on line 4
[28-Nov-2017 07:14:11 UTC] PHP Stack trace:
[28-Nov-2017 07:14:11 UTC] PHP   1. {main}() /home/ubuntu/workspace/cms/index.php:0
[28-Nov-2017 07:38:22 UTC] PHP Warning:  mysqli_fetch_assoc() expects parameter 1 to be mysqli_result, null given in /home/ubuntu/workspace/cms/search.php on line 31
[28-Nov-2017 07:38:22 UTC] PHP Stack trace:
[28-Nov-2017 07:38:22 UTC] PHP   1. {main}() /home/ubuntu/workspace/cms/search.php:0
[28-Nov-2017 07:38:22 UTC] PHP   2. mysqli_fetch_assoc() /home/ubuntu/workspace/cms/search.php:31
[01-Dec-2017 05:34:47 UTC] PHP Warning:  mysqli_fetch_assoc() expects parameter 1 to be mysqli_result, boolean given in /home/ubuntu/workspace/cms/category.php on line 22
[01-Dec-2017 05:34:47 UTC] PHP Stack trace:
[01-Dec-2017 05:34:47 UTC] PHP   1. {main}() /home/ubuntu/workspace/cms/category.php:0
[01-Dec-2017 05:34:47 UTC] PHP   2. mysqli_fetch_assoc() /home/ubuntu/workspace/cms/category.php:22
[01-Dec-2017 06:52:28 UTC] PHP Warning:  mysqli_fetch_assoc() expects parameter 1 to be mysqli_result, boolean given in /home/ubuntu/workspace/cms/post.php on line 24
[01-Dec-2017 06:52:28 UTC] PHP Stack trace:
[01-Dec-2017 06:52:28 UTC] PHP   1. {main}() /home/ubuntu/workspace/cms/post.php:0
[01-Dec-2017 06:52:28 UTC] PHP   2. mysqli_fetch_assoc() /home/ubuntu/workspace/cms/post.php:24
[01-Dec-2017 07:03:26 UTC] PHP Fatal error:  Call to undefined function confirm() in /home/ubuntu/workspace/cms/post.php on line 71
[01-Dec-2017 07:03:26 UTC] PHP Stack trace:
[01-Dec-2017 07:03:26 UTC] PHP   1. {main}() /home/ubuntu/workspace/cms/post.php:0
[02-Dec-2017 01:37:56 UTC] PHP Parse error:  syntax error, unexpected '}', expecting ',' or ';' in /home/ubuntu/workspace/cms/index.php on line 30
[04-Dec-2017 04:16:52 UTC] PHP Warning:  Cannot modify header information - headers already sent by (output started at /home/ubuntu/workspace/cms/post.php:61) in /home/ubuntu/workspace/cms/post.php on line 61
[04-Dec-2017 04:16:52 UTC] PHP Stack trace:
[04-Dec-2017 04:16:52 UTC] PHP   1. {main}() /home/ubuntu/workspace/cms/post.php:0
[04-Dec-2017 04:16:52 UTC] PHP   2. header() /home/ubuntu/workspace/cms/post.php:61
[04-Dec-2017 06:01:48 UTC] PHP Parse error:  syntax error, unexpected end of file in /home/ubuntu/workspace/cms/post.php on line 166
[06-Dec-2017 03:16:57 UTC] PHP Fatal error:  Call to undefined function confirm() in /home/ubuntu/workspace/cms/registration.php on line 18
[06-Dec-2017 03:16:57 UTC] PHP Stack trace:
[06-Dec-2017 03:16:57 UTC] PHP   1. {main}() /home/ubuntu/workspace/cms/registration.php:0
[07-Dec-2017 23:16:24 UTC] PHP Parse error:  syntax error, unexpected end of file in /home/ubuntu/workspace/cms/includes/navigation.php on line 51
[07-Dec-2017 23:16:24 UTC] PHP Stack trace:
[07-Dec-2017 23:16:24 UTC] PHP   1. {main}() /home/ubuntu/workspace/cms/index.php:0
[07-Dec-2017 23:32:35 UTC] PHP Parse error:  syntax error, unexpected '' (T_ENCAPSED_AND_WHITESPACE), expecting identifier (T_STRING) or variable (T_VARIABLE) or number (T_NUM_STRING) in /home/ubuntu/workspace/cms/includes/navigation.php on line 30
[07-Dec-2017 23:32:35 UTC] PHP Stack trace:
[07-Dec-2017 23:32:35 UTC] PHP   1. {main}() /home/ubuntu/workspace/cms/index.php:0
[08-Dec-2017 01:59:56 UTC] PHP Parse error:  syntax error, unexpected end of file in /home/ubuntu/workspace/cms/includes/navigation.php on line 76
[08-Dec-2017 01:59:56 UTC] PHP Stack trace:
[08-Dec-2017 01:59:56 UTC] PHP   1. {main}() /home/ubuntu/workspace/cms/subscriber_profile.php:0
[08-Dec-2017 02:28:32 UTC] PHP Warning:  Cannot modify header information - headers already sent by (output started at /home/ubuntu/workspace/cms/includes/navigation.php:58) in /home/ubuntu/workspace/cms/subscriber_profile.php on line 50
[08-Dec-2017 02:28:32 UTC] PHP Stack trace:
[08-Dec-2017 02:28:32 UTC] PHP   1. {main}() /home/ubuntu/workspace/cms/subscriber_profile.php:0
[08-Dec-2017 02:28:32 UTC] PHP   2. header() /home/ubuntu/workspace/cms/subscriber_profile.php:50
[08-Dec-2017 02:29:03 UTC] PHP Warning:  Cannot modify header information - headers already sent by (output started at /home/ubuntu/workspace/cms/includes/navigation.php:58) in /home/ubuntu/workspace/cms/subscriber_profile.php on line 50
[08-Dec-2017 02:29:03 UTC] PHP Stack trace:
[08-Dec-2017 02:29:03 UTC] PHP   1. {main}() /home/ubuntu/workspace/cms/subscriber_profile.php:0
[08-Dec-2017 02:29:03 UTC] PHP   2. header() /home/ubuntu/workspace/cms/subscriber_profile.php:50
[08-Dec-2017 04:01:52 UTC] PHP Warning:  mysqli_fetch_assoc() expects parameter 1 to be mysqli_result, boolean given in /home/ubuntu/workspace/cms/posts_by_author.php on line 24
[08-Dec-2017 04:01:52 UTC] PHP Stack trace:
[08-Dec-2017 04:01:52 UTC] PHP   1. {main}() /home/ubuntu/workspace/cms/posts_by_author.php:0
[08-Dec-2017 04:01:52 UTC] PHP   2. mysqli_fetch_assoc() /home/ubuntu/workspace/cms/posts_by_author.php:24
[08-Dec-2017 04:04:05 UTC] PHP Warning:  mysqli_fetch_assoc() expects parameter 1 to be mysqli_result, boolean given in /home/ubuntu/workspace/cms/posts_by_author.php on line 26
[08-Dec-2017 04:04:05 UTC] PHP Stack trace:
[08-Dec-2017 04:04:05 UTC] PHP   1. {main}() /home/ubuntu/workspace/cms/posts_by_author.php:0
[08-Dec-2017 04:04:05 UTC] PHP   2. mysqli_fetch_assoc() /home/ubuntu/workspace/cms/posts_by_author.php:26
[08-Dec-2017 04:04:50 UTC] PHP Warning:  mysqli_fetch_assoc() expects parameter 1 to be mysqli_result, boolean given in /home/ubuntu/workspace/cms/posts_by_author.php on line 24
[08-Dec-2017 04:04:50 UTC] PHP Stack trace:
[08-Dec-2017 04:04:50 UTC] PHP   1. {main}() /home/ubuntu/workspace/cms/posts_by_author.php:0
[08-Dec-2017 04:04:50 UTC] PHP   2. mysqli_fetch_assoc() /home/ubuntu/workspace/cms/posts_by_author.php:24
[08-Dec-2017 04:05:55 UTC] PHP Warning:  mysqli_fetch_assoc() expects parameter 1 to be mysqli_result, boolean given in /home/ubuntu/workspace/cms/posts_by_author.php on line 24
[08-Dec-2017 04:05:55 UTC] PHP Stack trace:
[08-Dec-2017 04:05:55 UTC] PHP   1. {main}() /home/ubuntu/workspace/cms/posts_by_author.php:0
[08-Dec-2017 04:05:55 UTC] PHP   2. mysqli_fetch_assoc() /home/ubuntu/workspace/cms/posts_by_author.php:24
[08-Dec-2017 04:07:54 UTC] PHP Warning:  include(../admin/includes/functions.php): failed to open stream: No such file or directory in /home/ubuntu/workspace/cms/posts_by_author.php on line 3
[08-Dec-2017 04:07:54 UTC] PHP Stack trace:
[08-Dec-2017 04:07:54 UTC] PHP   1. {main}() /home/ubuntu/workspace/cms/posts_by_author.php:0
[08-Dec-2017 04:07:54 UTC] PHP Warning:  include(): Failed opening '../admin/includes/functions.php' for inclusion (include_path='.:/usr/share/php:/usr/share/pear') in /home/ubuntu/workspace/cms/posts_by_author.php on line 3
[08-Dec-2017 04:07:54 UTC] PHP Stack trace:
[08-Dec-2017 04:07:54 UTC] PHP   1. {main}() /home/ubuntu/workspace/cms/posts_by_author.php:0
[08-Dec-2017 04:07:54 UTC] PHP Fatal error:  Call to undefined function confirm() in /home/ubuntu/workspace/cms/posts_by_author.php on line 24
[08-Dec-2017 04:07:54 UTC] PHP Stack trace:
[08-Dec-2017 04:07:54 UTC] PHP   1. {main}() /home/ubuntu/workspace/cms/posts_by_author.php:0
[08-Dec-2017 04:08:09 UTC] PHP Fatal error:  Call to undefined function confirm() in /home/ubuntu/workspace/cms/posts_by_author.php on line 23
[08-Dec-2017 04:08:09 UTC] PHP Stack trace:
[08-Dec-2017 04:08:09 UTC] PHP   1. {main}() /home/ubuntu/workspace/cms/posts_by_author.php:0
