[29-Nov-2017 05:37:37 UTC] PHP Fatal error:  Call to undefined function msqli_query() in /home/ubuntu/workspace/cms/admin/categories.php on line 30
[29-Nov-2017 05:37:37 UTC] PHP Stack trace:
[29-Nov-2017 05:37:37 UTC] PHP   1. {main}() /home/ubuntu/workspace/cms/admin/categories.php:0
[29-Nov-2017 05:38:27 UTC] PHP Fatal error:  Call to undefined function msqli_query() in /home/ubuntu/workspace/cms/admin/categories.php on line 30
[29-Nov-2017 05:38:27 UTC] PHP Stack trace:
[29-Nov-2017 05:38:27 UTC] PHP   1. {main}() /home/ubuntu/workspace/cms/admin/categories.php:0
[29-Nov-2017 05:57:36 UTC] PHP Warning:  mysqli_query() expects parameter 1 to be mysqli, null given in /home/ubuntu/workspace/cms/admin/categories.php on line 80
[29-Nov-2017 05:57:36 UTC] PHP Stack trace:
[29-Nov-2017 05:57:36 UTC] PHP   1. {main}() /home/ubuntu/workspace/cms/admin/categories.php:0
[29-Nov-2017 05:57:36 UTC] PHP   2. mysqli_query() /home/ubuntu/workspace/cms/admin/categories.php:80
[29-Nov-2017 05:58:41 UTC] PHP Warning:  mysqli_query() expects parameter 1 to be mysqli, null given in /home/ubuntu/workspace/cms/admin/categories.php on line 80
[29-Nov-2017 05:58:41 UTC] PHP Stack trace:
[29-Nov-2017 05:58:41 UTC] PHP   1. {main}() /home/ubuntu/workspace/cms/admin/categories.php:0
[29-Nov-2017 05:58:41 UTC] PHP   2. mysqli_query() /home/ubuntu/workspace/cms/admin/categories.php:80
[29-Nov-2017 07:53:28 UTC] PHP Warning:  include(../functions.php): failed to open stream: No such file or directory in /home/ubuntu/workspace/cms/admin/includes/admin_header.php on line 3
[29-Nov-2017 07:53:28 UTC] PHP Stack trace:
[29-Nov-2017 07:53:28 UTC] PHP   1. {main}() /home/ubuntu/workspace/cms/admin/categories.php:0
[29-Nov-2017 07:53:28 UTC] PHP   2. include() /home/ubuntu/workspace/cms/admin/categories.php:1
[29-Nov-2017 07:53:28 UTC] PHP Warning:  include(): Failed opening '../functions.php' for inclusion (include_path='.:/usr/share/php:/usr/share/pear') in /home/ubuntu/workspace/cms/admin/includes/admin_header.php on line 3
[29-Nov-2017 07:53:28 UTC] PHP Stack trace:
[29-Nov-2017 07:53:28 UTC] PHP   1. {main}() /home/ubuntu/workspace/cms/admin/categories.php:0
[29-Nov-2017 07:53:28 UTC] PHP   2. include() /home/ubuntu/workspace/cms/admin/categories.php:1
[29-Nov-2017 07:53:59 UTC] PHP Warning:  include(functions.php): failed to open stream: No such file or directory in /home/ubuntu/workspace/cms/admin/categories.php on line 2
[29-Nov-2017 07:53:59 UTC] PHP Stack trace:
[29-Nov-2017 07:53:59 UTC] PHP   1. {main}() /home/ubuntu/workspace/cms/admin/categories.php:0
[29-Nov-2017 07:53:59 UTC] PHP Warning:  include(): Failed opening 'functions.php' for inclusion (include_path='.:/usr/share/php:/usr/share/pear') in /home/ubuntu/workspace/cms/admin/categories.php on line 2
[29-Nov-2017 07:53:59 UTC] PHP Stack trace:
[29-Nov-2017 07:53:59 UTC] PHP   1. {main}() /home/ubuntu/workspace/cms/admin/categories.php:0
[29-Nov-2017 07:59:25 UTC] PHP Warning:  mysqli_query() expects parameter 1 to be mysqli, null given in /home/ubuntu/workspace/cms/admin/includes/functions.php on line 45
[29-Nov-2017 07:59:25 UTC] PHP Stack trace:
[29-Nov-2017 07:59:25 UTC] PHP   1. {main}() /home/ubuntu/workspace/cms/admin/categories.php:0
[29-Nov-2017 07:59:25 UTC] PHP   2. delete_categorie() /home/ubuntu/workspace/cms/admin/categories.php:62
[29-Nov-2017 07:59:25 UTC] PHP   3. mysqli_query() /home/ubuntu/workspace/cms/admin/includes/functions.php:45
[30-Nov-2017 04:25:17 UTC] PHP Warning:  include(include/view_all_posts.php): failed to open stream: No such file or directory in /home/ubuntu/workspace/cms/admin/posts.php on line 30
[30-Nov-2017 04:25:17 UTC] PHP Stack trace:
[30-Nov-2017 04:25:17 UTC] PHP   1. {main}() /home/ubuntu/workspace/cms/admin/posts.php:0
[30-Nov-2017 04:25:17 UTC] PHP Warning:  include(): Failed opening 'include/view_all_posts.php' for inclusion (include_path='.:/usr/share/php:/usr/share/pear') in /home/ubuntu/workspace/cms/admin/posts.php on line 30
[30-Nov-2017 04:25:17 UTC] PHP Stack trace:
[30-Nov-2017 04:25:17 UTC] PHP   1. {main}() /home/ubuntu/workspace/cms/admin/posts.php:0
[30-Nov-2017 04:25:28 UTC] PHP Warning:  include(include/view_all_posts.php): failed to open stream: No such file or directory in /home/ubuntu/workspace/cms/admin/posts.php on line 30
[30-Nov-2017 04:25:28 UTC] PHP Stack trace:
[30-Nov-2017 04:25:28 UTC] PHP   1. {main}() /home/ubuntu/workspace/cms/admin/posts.php:0
[30-Nov-2017 04:25:28 UTC] PHP Warning:  include(): Failed opening 'include/view_all_posts.php' for inclusion (include_path='.:/usr/share/php:/usr/share/pear') in /home/ubuntu/workspace/cms/admin/posts.php on line 30
[30-Nov-2017 04:25:28 UTC] PHP Stack trace:
[30-Nov-2017 04:25:28 UTC] PHP   1. {main}() /home/ubuntu/workspace/cms/admin/posts.php:0
[30-Nov-2017 04:25:59 UTC] PHP Warning:  include(include/view_all_posts.php): failed to open stream: No such file or directory in /home/ubuntu/workspace/cms/admin/posts.php on line 30
[30-Nov-2017 04:25:59 UTC] PHP Stack trace:
[30-Nov-2017 04:25:59 UTC] PHP   1. {main}() /home/ubuntu/workspace/cms/admin/posts.php:0
[30-Nov-2017 04:25:59 UTC] PHP Warning:  include(): Failed opening 'include/view_all_posts.php' for inclusion (include_path='.:/usr/share/php:/usr/share/pear') in /home/ubuntu/workspace/cms/admin/posts.php on line 30
[30-Nov-2017 04:25:59 UTC] PHP Stack trace:
[30-Nov-2017 04:25:59 UTC] PHP   1. {main}() /home/ubuntu/workspace/cms/admin/posts.php:0
[30-Nov-2017 05:17:00 UTC] PHP Fatal error:  Cannot redeclare insert_category() (previously declared in /home/ubuntu/workspace/cms/admin/includes/functions.php:2) in /home/ubuntu/workspace/cms/admin/includes/functions.php on line 2
[30-Nov-2017 05:17:00 UTC] PHP Stack trace:
[30-Nov-2017 05:17:00 UTC] PHP   1. {main}() /home/ubuntu/workspace/cms/admin/posts.php:0
[30-Nov-2017 05:17:00 UTC] PHP   2. include() /home/ubuntu/workspace/cms/admin/posts.php:27
[30-Nov-2017 05:17:00 UTC] PHP   3. include() /home/ubuntu/workspace/cms/admin/includes/add_posts.php:2
[30-Nov-2017 05:25:08 UTC] PHP Fatal error:  Cannot redeclare add_post_admin() (previously declared in /home/ubuntu/workspace/cms/admin/includes/functions.php:3) in /home/ubuntu/workspace/cms/admin/includes/functions.php on line 3
[30-Nov-2017 05:25:08 UTC] PHP Stack trace:
[30-Nov-2017 05:25:08 UTC] PHP   1. {main}() /home/ubuntu/workspace/cms/admin/posts.php:0
[30-Nov-2017 05:25:08 UTC] PHP   2. include() /home/ubuntu/workspace/cms/admin/posts.php:27
[30-Nov-2017 05:26:10 UTC] PHP Fatal error:  Cannot redeclare add_post_admin() (previously declared in /home/ubuntu/workspace/cms/admin/includes/functions.php:3) in /home/ubuntu/workspace/cms/admin/includes/functions.php on line 3
[30-Nov-2017 05:26:10 UTC] PHP Stack trace:
[30-Nov-2017 05:26:10 UTC] PHP   1. {main}() /home/ubuntu/workspace/cms/admin/posts.php:0
[30-Nov-2017 05:26:10 UTC] PHP   2. include() /home/ubuntu/workspace/cms/admin/posts.php:27
[30-Nov-2017 05:26:46 UTC] PHP Fatal error:  Cannot redeclare add_post_admin() (previously declared in /home/ubuntu/workspace/cms/admin/includes/functions.php:3) in /home/ubuntu/workspace/cms/admin/includes/functions.php on line 3
[30-Nov-2017 05:26:46 UTC] PHP Stack trace:
[30-Nov-2017 05:26:46 UTC] PHP   1. {main}() /home/ubuntu/workspace/cms/admin/posts.php:0
[30-Nov-2017 05:26:46 UTC] PHP   2. include() /home/ubuntu/workspace/cms/admin/posts.php:27
[30-Nov-2017 05:26:46 UTC] PHP   3. include() /home/ubuntu/workspace/cms/admin/includes/add_posts.php:2
[30-Nov-2017 05:36:22 UTC] PHP Parse error:  syntax error, unexpected 'echo' (T_ECHO), expecting ',' or ';' in /home/ubuntu/workspace/cms/admin/includes/view_all_posts.php on line 42
[30-Nov-2017 05:36:22 UTC] PHP Stack trace:
[30-Nov-2017 05:36:22 UTC] PHP   1. {main}() /home/ubuntu/workspace/cms/admin/posts.php:0
[30-Nov-2017 05:43:15 UTC] PHP Parse error:  syntax error, unexpected end of file in /home/ubuntu/workspace/cms/admin/includes/functions.php on line 109
[30-Nov-2017 05:43:15 UTC] PHP Stack trace:
[30-Nov-2017 05:43:15 UTC] PHP   1. {main}() /home/ubuntu/workspace/cms/admin/categories.php:0
[30-Nov-2017 05:43:15 UTC] PHP   2. include() /home/ubuntu/workspace/cms/admin/categories.php:1
[30-Nov-2017 05:48:02 UTC] PHP Warning:  include(includes/edit_posts.php): failed to open stream: No such file or directory in /home/ubuntu/workspace/cms/admin/posts.php on line 31
[30-Nov-2017 05:48:02 UTC] PHP Stack trace:
[30-Nov-2017 05:48:02 UTC] PHP   1. {main}() /home/ubuntu/workspace/cms/admin/posts.php:0
[30-Nov-2017 05:48:02 UTC] PHP Warning:  include(): Failed opening 'includes/edit_posts.php' for inclusion (include_path='.:/usr/share/php:/usr/share/pear') in /home/ubuntu/workspace/cms/admin/posts.php on line 31
[30-Nov-2017 05:48:02 UTC] PHP Stack trace:
[30-Nov-2017 05:48:02 UTC] PHP   1. {main}() /home/ubuntu/workspace/cms/admin/posts.php:0
[30-Nov-2017 07:59:40 UTC] PHP Parse error:  syntax error, unexpected end of file in /home/ubuntu/workspace/cms/admin/includes/edit_post.php on line 75
[30-Nov-2017 07:59:40 UTC] PHP Stack trace:
[30-Nov-2017 07:59:40 UTC] PHP   1. {main}() /home/ubuntu/workspace/cms/admin/posts.php:0
[30-Nov-2017 08:00:08 UTC] PHP Warning:  mysqli_error() expects parameter 1 to be mysqli, null given in /home/ubuntu/workspace/cms/admin/includes/functions.php on line 4
[30-Nov-2017 08:00:08 UTC] PHP Stack trace:
[30-Nov-2017 08:00:08 UTC] PHP   1. {main}() /home/ubuntu/workspace/cms/admin/posts.php:0
[30-Nov-2017 08:00:08 UTC] PHP   2. include() /home/ubuntu/workspace/cms/admin/posts.php:31
[30-Nov-2017 08:00:08 UTC] PHP   3. confirm() /home/ubuntu/workspace/cms/admin/includes/edit_post.php:35
[30-Nov-2017 08:00:08 UTC] PHP   4. mysqli_error() /home/ubuntu/workspace/cms/admin/includes/functions.php:4
[30-Nov-2017 08:00:41 UTC] PHP Warning:  mysqli_fetch_assoc() expects parameter 1 to be mysqli_result, boolean given in /home/ubuntu/workspace/cms/admin/includes/edit_post.php on line 36
[30-Nov-2017 08:00:41 UTC] PHP Stack trace:
[30-Nov-2017 08:00:41 UTC] PHP   1. {main}() /home/ubuntu/workspace/cms/admin/posts.php:0
[30-Nov-2017 08:00:41 UTC] PHP   2. include() /home/ubuntu/workspace/cms/admin/posts.php:31
[30-Nov-2017 08:00:41 UTC] PHP   3. mysqli_fetch_assoc() /home/ubuntu/workspace/cms/admin/includes/edit_post.php:36
[01-Dec-2017 04:46:55 UTC] PHP Warning:  mysqli_fetch_assoc() expects parameter 1 to be mysqli_result, boolean given in /home/ubuntu/workspace/cms/admin/includes/functions.php on line 58
[01-Dec-2017 04:46:55 UTC] PHP Stack trace:
[01-Dec-2017 04:46:55 UTC] PHP   1. {main}() /home/ubuntu/workspace/cms/admin/posts.php:0
[01-Dec-2017 04:46:55 UTC] PHP   2. include() /home/ubuntu/workspace/cms/admin/posts.php:35
[01-Dec-2017 04:46:55 UTC] PHP   3. show_all_posts_admin() /home/ubuntu/workspace/cms/admin/includes/view_all_posts.php:17
[01-Dec-2017 04:46:55 UTC] PHP   4. mysqli_fetch_assoc() /home/ubuntu/workspace/cms/admin/includes/functions.php:58
[01-Dec-2017 04:46:55 UTC] PHP Warning:  mysqli_fetch_assoc() expects parameter 1 to be mysqli_result, boolean given in /home/ubuntu/workspace/cms/admin/includes/functions.php on line 58
[01-Dec-2017 04:46:55 UTC] PHP Stack trace:
[01-Dec-2017 04:46:55 UTC] PHP   1. {main}() /home/ubuntu/workspace/cms/admin/posts.php:0
[01-Dec-2017 04:46:55 UTC] PHP   2. include() /home/ubuntu/workspace/cms/admin/posts.php:35
[01-Dec-2017 04:46:55 UTC] PHP   3. show_all_posts_admin() /home/ubuntu/workspace/cms/admin/includes/view_all_posts.php:17
[01-Dec-2017 04:46:55 UTC] PHP   4. mysqli_fetch_assoc() /home/ubuntu/workspace/cms/admin/includes/functions.php:58
[01-Dec-2017 04:47:51 UTC] PHP Warning:  mysqli_fetch_assoc() expects parameter 1 to be mysqli_result, boolean given in /home/ubuntu/workspace/cms/admin/includes/functions.php on line 57
[01-Dec-2017 04:47:51 UTC] PHP Stack trace:
[01-Dec-2017 04:47:51 UTC] PHP   1. {main}() /home/ubuntu/workspace/cms/admin/posts.php:0
[01-Dec-2017 04:47:51 UTC] PHP   2. include() /home/ubuntu/workspace/cms/admin/posts.php:35
[01-Dec-2017 04:47:51 UTC] PHP   3. show_all_posts_admin() /home/ubuntu/workspace/cms/admin/includes/view_all_posts.php:17
[01-Dec-2017 04:47:51 UTC] PHP   4. mysqli_fetch_assoc() /home/ubuntu/workspace/cms/admin/includes/functions.php:57
[01-Dec-2017 04:47:51 UTC] PHP Warning:  mysqli_fetch_assoc() expects parameter 1 to be mysqli_result, boolean given in /home/ubuntu/workspace/cms/admin/includes/functions.php on line 57
[01-Dec-2017 04:47:51 UTC] PHP Stack trace:
[01-Dec-2017 04:47:51 UTC] PHP   1. {main}() /home/ubuntu/workspace/cms/admin/posts.php:0
[01-Dec-2017 04:47:51 UTC] PHP   2. include() /home/ubuntu/workspace/cms/admin/posts.php:35
[01-Dec-2017 04:47:51 UTC] PHP   3. show_all_posts_admin() /home/ubuntu/workspace/cms/admin/includes/view_all_posts.php:17
[01-Dec-2017 04:47:51 UTC] PHP   4. mysqli_fetch_assoc() /home/ubuntu/workspace/cms/admin/includes/functions.php:57
[01-Dec-2017 05:03:54 UTC] PHP Warning:  mysqli_error() expects parameter 1 to be mysqli, null given in /home/ubuntu/workspace/cms/admin/includes/functions.php on line 4
[01-Dec-2017 05:03:54 UTC] PHP Stack trace:
[01-Dec-2017 05:03:54 UTC] PHP   1. {main}() /home/ubuntu/workspace/cms/admin/posts.php:0
[01-Dec-2017 05:03:54 UTC] PHP   2. include() /home/ubuntu/workspace/cms/admin/posts.php:27
[01-Dec-2017 05:03:54 UTC] PHP   3. add_post_admin() /home/ubuntu/workspace/cms/admin/includes/add_posts.php:2
[01-Dec-2017 05:03:54 UTC] PHP   4. confirm() /home/ubuntu/workspace/cms/admin/includes/functions.php:29
[01-Dec-2017 05:03:54 UTC] PHP   5. mysqli_error() /home/ubuntu/workspace/cms/admin/includes/functions.php:4
[02-Dec-2017 05:31:00 UTC] PHP Warning:  include(./admin/includes/functions.php): failed to open stream: No such file or directory in /home/ubuntu/workspace/cms/includes/login.php on line 3
[02-Dec-2017 05:31:00 UTC] PHP Stack trace:
[02-Dec-2017 05:31:00 UTC] PHP   1. {main}() /home/ubuntu/workspace/cms/includes/login.php:0
[02-Dec-2017 05:31:00 UTC] PHP Warning:  include(): Failed opening './admin/includes/functions.php' for inclusion (include_path='.:/usr/share/php:/usr/share/pear') in /home/ubuntu/workspace/cms/includes/login.php on line 3
[02-Dec-2017 05:31:00 UTC] PHP Stack trace:
[02-Dec-2017 05:31:00 UTC] PHP   1. {main}() /home/ubuntu/workspace/cms/includes/login.php:0
[02-Dec-2017 05:31:00 UTC] PHP Fatal error:  Call to undefined function confirm() in /home/ubuntu/workspace/cms/includes/login.php on line 15
[02-Dec-2017 05:31:00 UTC] PHP Stack trace:
[02-Dec-2017 05:31:00 UTC] PHP   1. {main}() /home/ubuntu/workspace/cms/includes/login.php:0
[02-Dec-2017 05:31:59 UTC] PHP Warning:  include(/admin/includes/functions.php): failed to open stream: No such file or directory in /home/ubuntu/workspace/cms/includes/login.php on line 3
[02-Dec-2017 05:31:59 UTC] PHP Stack trace:
[02-Dec-2017 05:31:59 UTC] PHP   1. {main}() /home/ubuntu/workspace/cms/includes/login.php:0
[02-Dec-2017 05:31:59 UTC] PHP Warning:  include(): Failed opening '/admin/includes/functions.php' for inclusion (include_path='.:/usr/share/php:/usr/share/pear') in /home/ubuntu/workspace/cms/includes/login.php on line 3
[02-Dec-2017 05:31:59 UTC] PHP Stack trace:
[02-Dec-2017 05:31:59 UTC] PHP   1. {main}() /home/ubuntu/workspace/cms/includes/login.php:0
[02-Dec-2017 05:31:59 UTC] PHP Fatal error:  Call to undefined function confirm() in /home/ubuntu/workspace/cms/includes/login.php on line 15
[02-Dec-2017 05:31:59 UTC] PHP Stack trace:
[02-Dec-2017 05:31:59 UTC] PHP   1. {main}() /home/ubuntu/workspace/cms/includes/login.php:0
[02-Dec-2017 05:32:05 UTC] PHP Warning:  include(admin/includes/functions.php): failed to open stream: No such file or directory in /home/ubuntu/workspace/cms/includes/login.php on line 3
[02-Dec-2017 05:32:05 UTC] PHP Stack trace:
[02-Dec-2017 05:32:05 UTC] PHP   1. {main}() /home/ubuntu/workspace/cms/includes/login.php:0
[02-Dec-2017 05:32:05 UTC] PHP Warning:  include(): Failed opening 'admin/includes/functions.php' for inclusion (include_path='.:/usr/share/php:/usr/share/pear') in /home/ubuntu/workspace/cms/includes/login.php on line 3
[02-Dec-2017 05:32:05 UTC] PHP Stack trace:
[02-Dec-2017 05:32:05 UTC] PHP   1. {main}() /home/ubuntu/workspace/cms/includes/login.php:0
[02-Dec-2017 05:32:05 UTC] PHP Fatal error:  Call to undefined function confirm() in /home/ubuntu/workspace/cms/includes/login.php on line 15
[02-Dec-2017 05:32:05 UTC] PHP Stack trace:
[02-Dec-2017 05:32:05 UTC] PHP   1. {main}() /home/ubuntu/workspace/cms/includes/login.php:0
[02-Dec-2017 05:33:09 UTC] PHP Warning:  include(admin/includes/functions.php): failed to open stream: No such file or directory in /home/ubuntu/workspace/cms/includes/login.php on line 3
[02-Dec-2017 05:33:09 UTC] PHP Stack trace:
[02-Dec-2017 05:33:09 UTC] PHP   1. {main}() /home/ubuntu/workspace/cms/includes/login.php:0
[02-Dec-2017 05:33:09 UTC] PHP Warning:  include(): Failed opening 'admin/includes/functions.php' for inclusion (include_path='.:/usr/share/php:/usr/share/pear') in /home/ubuntu/workspace/cms/includes/login.php on line 3
[02-Dec-2017 05:33:09 UTC] PHP Stack trace:
[02-Dec-2017 05:33:09 UTC] PHP   1. {main}() /home/ubuntu/workspace/cms/includes/login.php:0
[02-Dec-2017 05:33:09 UTC] PHP Fatal error:  Call to undefined function confirm() in /home/ubuntu/workspace/cms/includes/login.php on line 15
[02-Dec-2017 05:33:09 UTC] PHP Stack trace:
[02-Dec-2017 05:33:09 UTC] PHP   1. {main}() /home/ubuntu/workspace/cms/includes/login.php:0
[02-Dec-2017 05:34:15 UTC] PHP Warning:  include(admin/includes/functions.php): failed to open stream: No such file or directory in /home/ubuntu/workspace/cms/includes/login.php on line 2
[02-Dec-2017 05:34:15 UTC] PHP Stack trace:
[02-Dec-2017 05:34:15 UTC] PHP   1. {main}() /home/ubuntu/workspace/cms/includes/login.php:0
[02-Dec-2017 05:34:15 UTC] PHP Warning:  include(): Failed opening 'admin/includes/functions.php' for inclusion (include_path='.:/usr/share/php:/usr/share/pear') in /home/ubuntu/workspace/cms/includes/login.php on line 2
[02-Dec-2017 05:34:15 UTC] PHP Stack trace:
[02-Dec-2017 05:34:15 UTC] PHP   1. {main}() /home/ubuntu/workspace/cms/includes/login.php:0
[02-Dec-2017 05:35:00 UTC] PHP Warning:  include(includes/header.php): failed to open stream: No such file or directory in /home/ubuntu/workspace/cms/includes/login.php on line 2
[02-Dec-2017 05:35:00 UTC] PHP Stack trace:
[02-Dec-2017 05:35:00 UTC] PHP   1. {main}() /home/ubuntu/workspace/cms/includes/login.php:0
[02-Dec-2017 05:35:00 UTC] PHP Warning:  include(): Failed opening 'includes/header.php' for inclusion (include_path='.:/usr/share/php:/usr/share/pear') in /home/ubuntu/workspace/cms/includes/login.php on line 2
[02-Dec-2017 05:35:00 UTC] PHP Stack trace:
[02-Dec-2017 05:35:00 UTC] PHP   1. {main}() /home/ubuntu/workspace/cms/includes/login.php:0
[02-Dec-2017 05:35:00 UTC] PHP Warning:  include(admin/includes/functions.php): failed to open stream: No such file or directory in /home/ubuntu/workspace/cms/includes/login.php on line 3
[02-Dec-2017 05:35:00 UTC] PHP Stack trace:
[02-Dec-2017 05:35:00 UTC] PHP   1. {main}() /home/ubuntu/workspace/cms/includes/login.php:0
[02-Dec-2017 05:35:00 UTC] PHP Warning:  include(): Failed opening 'admin/includes/functions.php' for inclusion (include_path='.:/usr/share/php:/usr/share/pear') in /home/ubuntu/workspace/cms/includes/login.php on line 3
[02-Dec-2017 05:35:00 UTC] PHP Stack trace:
[02-Dec-2017 05:35:00 UTC] PHP   1. {main}() /home/ubuntu/workspace/cms/includes/login.php:0
[02-Dec-2017 05:35:09 UTC] PHP Warning:  include(includes/header.php): failed to open stream: No such file or directory in /home/ubuntu/workspace/cms/includes/login.php on line 2
[02-Dec-2017 05:35:09 UTC] PHP Stack trace:
[02-Dec-2017 05:35:09 UTC] PHP   1. {main}() /home/ubuntu/workspace/cms/includes/login.php:0
[02-Dec-2017 05:35:09 UTC] PHP Warning:  include(): Failed opening 'includes/header.php' for inclusion (include_path='.:/usr/share/php:/usr/share/pear') in /home/ubuntu/workspace/cms/includes/login.php on line 2
[02-Dec-2017 05:35:09 UTC] PHP Stack trace:
[02-Dec-2017 05:35:09 UTC] PHP   1. {main}() /home/ubuntu/workspace/cms/includes/login.php:0
[02-Dec-2017 05:35:09 UTC] PHP Warning:  include(admin/includes/functions.php): failed to open stream: No such file or directory in /home/ubuntu/workspace/cms/includes/login.php on line 3
[02-Dec-2017 05:35:09 UTC] PHP Stack trace:
[02-Dec-2017 05:35:09 UTC] PHP   1. {main}() /home/ubuntu/workspace/cms/includes/login.php:0
[02-Dec-2017 05:35:09 UTC] PHP Warning:  include(): Failed opening 'admin/includes/functions.php' for inclusion (include_path='.:/usr/share/php:/usr/share/pear') in /home/ubuntu/workspace/cms/includes/login.php on line 3
[02-Dec-2017 05:35:09 UTC] PHP Stack trace:
[02-Dec-2017 05:35:09 UTC] PHP   1. {main}() /home/ubuntu/workspace/cms/includes/login.php:0
[02-Dec-2017 05:36:58 UTC] PHP Warning:  include(includes/header.php): failed to open stream: No such file or directory in /home/ubuntu/workspace/cms/includes/login.php on line 2
[02-Dec-2017 05:36:58 UTC] PHP Stack trace:
[02-Dec-2017 05:36:58 UTC] PHP   1. {main}() /home/ubuntu/workspace/cms/includes/login.php:0
[02-Dec-2017 05:36:58 UTC] PHP Warning:  include(): Failed opening 'includes/header.php' for inclusion (include_path='.:/usr/share/php:/usr/share/pear') in /home/ubuntu/workspace/cms/includes/login.php on line 2
[02-Dec-2017 05:36:58 UTC] PHP Stack trace:
[02-Dec-2017 05:36:58 UTC] PHP   1. {main}() /home/ubuntu/workspace/cms/includes/login.php:0
[02-Dec-2017 05:36:58 UTC] PHP Warning:  include(./admin/includes/functions.php): failed to open stream: No such file or directory in /home/ubuntu/workspace/cms/includes/login.php on line 3
[02-Dec-2017 05:36:58 UTC] PHP Stack trace:
[02-Dec-2017 05:36:58 UTC] PHP   1. {main}() /home/ubuntu/workspace/cms/includes/login.php:0
[02-Dec-2017 05:36:58 UTC] PHP Warning:  include(): Failed opening './admin/includes/functions.php' for inclusion (include_path='.:/usr/share/php:/usr/share/pear') in /home/ubuntu/workspace/cms/includes/login.php on line 3
[02-Dec-2017 05:36:58 UTC] PHP Stack trace:
[02-Dec-2017 05:36:58 UTC] PHP   1. {main}() /home/ubuntu/workspace/cms/includes/login.php:0
[02-Dec-2017 05:37:05 UTC] PHP Warning:  include(./admin/includes/functions.php): failed to open stream: No such file or directory in /home/ubuntu/workspace/cms/includes/login.php on line 2
[02-Dec-2017 05:37:05 UTC] PHP Stack trace:
[02-Dec-2017 05:37:05 UTC] PHP   1. {main}() /home/ubuntu/workspace/cms/includes/login.php:0
[02-Dec-2017 05:37:05 UTC] PHP Warning:  include(): Failed opening './admin/includes/functions.php' for inclusion (include_path='.:/usr/share/php:/usr/share/pear') in /home/ubuntu/workspace/cms/includes/login.php on line 2
[02-Dec-2017 05:37:05 UTC] PHP Stack trace:
[02-Dec-2017 05:37:05 UTC] PHP   1. {main}() /home/ubuntu/workspace/cms/includes/login.php:0
[02-Dec-2017 05:37:10 UTC] PHP Warning:  include(/admin/includes/functions.php): failed to open stream: No such file or directory in /home/ubuntu/workspace/cms/includes/login.php on line 2
[02-Dec-2017 05:37:10 UTC] PHP Stack trace:
[02-Dec-2017 05:37:10 UTC] PHP   1. {main}() /home/ubuntu/workspace/cms/includes/login.php:0
[02-Dec-2017 05:37:10 UTC] PHP Warning:  include(): Failed opening '/admin/includes/functions.php' for inclusion (include_path='.:/usr/share/php:/usr/share/pear') in /home/ubuntu/workspace/cms/includes/login.php on line 2
[02-Dec-2017 05:37:10 UTC] PHP Stack trace:
[02-Dec-2017 05:37:10 UTC] PHP   1. {main}() /home/ubuntu/workspace/cms/includes/login.php:0
[02-Dec-2017 23:39:24 UTC] PHP Fatal error:  Function name must be a string in /home/ubuntu/workspace/cms/admin/profile.php on line 9
[02-Dec-2017 23:39:24 UTC] PHP Stack trace:
[02-Dec-2017 23:39:24 UTC] PHP   1. {main}() /home/ubuntu/workspace/cms/admin/profile.php:0
[02-Dec-2017 23:40:07 UTC] PHP Fatal error:  Function name must be a string in /home/ubuntu/workspace/cms/admin/profile.php on line 9
[02-Dec-2017 23:40:07 UTC] PHP Stack trace:
[02-Dec-2017 23:40:07 UTC] PHP   1. {main}() /home/ubuntu/workspace/cms/admin/profile.php:0
[02-Dec-2017 23:41:10 UTC] PHP Fatal error:  Cannot redeclare confirm() (previously declared in /home/ubuntu/workspace/cms/admin/includes/functions.php:2) in /home/ubuntu/workspace/cms/admin/includes/functions.php on line 2
[02-Dec-2017 23:41:10 UTC] PHP Stack trace:
[02-Dec-2017 23:41:10 UTC] PHP   1. {main}() /home/ubuntu/workspace/cms/admin/profile.php:0
[02-Dec-2017 23:42:56 UTC] PHP Fatal error:  Cannot redeclare confirm() (previously declared in /home/ubuntu/workspace/cms/admin/includes/functions.php:2) in /home/ubuntu/workspace/cms/admin/includes/functions.php on line 2
[02-Dec-2017 23:42:56 UTC] PHP Stack trace:
[02-Dec-2017 23:42:56 UTC] PHP   1. {main}() /home/ubuntu/workspace/cms/admin/profile.php:0
[02-Dec-2017 23:43:14 UTC] PHP Fatal error:  Cannot redeclare confirm() (previously declared in /home/ubuntu/workspace/cms/admin/includes/functions.php:2) in /home/ubuntu/workspace/cms/admin/includes/functions.php on line 2
[02-Dec-2017 23:43:14 UTC] PHP Stack trace:
[02-Dec-2017 23:43:14 UTC] PHP   1. {main}() /home/ubuntu/workspace/cms/admin/profile.php:0
[02-Dec-2017 23:43:21 UTC] PHP Fatal error:  Cannot redeclare confirm() (previously declared in /home/ubuntu/workspace/cms/admin/includes/functions.php:2) in /home/ubuntu/workspace/cms/admin/includes/functions.php on line 2
[02-Dec-2017 23:43:21 UTC] PHP Stack trace:
[02-Dec-2017 23:43:21 UTC] PHP   1. {main}() /home/ubuntu/workspace/cms/admin/profile.php:0
[02-Dec-2017 23:44:12 UTC] PHP Fatal error:  Cannot redeclare confirm() (previously declared in /home/ubuntu/workspace/cms/admin/includes/functions.php:2) in /home/ubuntu/workspace/cms/admin/includes/functions.php on line 2
[02-Dec-2017 23:44:12 UTC] PHP Stack trace:
[02-Dec-2017 23:44:12 UTC] PHP   1. {main}() /home/ubuntu/workspace/cms/admin/profile.php:0
[02-Dec-2017 23:44:20 UTC] PHP Fatal error:  Cannot redeclare confirm() (previously declared in /home/ubuntu/workspace/cms/admin/includes/functions.php:2) in /home/ubuntu/workspace/cms/admin/includes/functions.php on line 2
[02-Dec-2017 23:44:20 UTC] PHP Stack trace:
[02-Dec-2017 23:44:20 UTC] PHP   1. {main}() /home/ubuntu/workspace/cms/admin/profile.php:0
[02-Dec-2017 23:44:26 UTC] PHP Fatal error:  Cannot redeclare confirm() (previously declared in /home/ubuntu/workspace/cms/admin/includes/functions.php:2) in /home/ubuntu/workspace/cms/admin/includes/functions.php on line 2
[02-Dec-2017 23:44:26 UTC] PHP Stack trace:
[02-Dec-2017 23:44:26 UTC] PHP   1. {main}() /home/ubuntu/workspace/cms/admin/profile.php:0
[02-Dec-2017 23:44:45 UTC] PHP Fatal error:  Cannot redeclare confirm() (previously declared in /home/ubuntu/workspace/cms/admin/includes/functions.php:2) in /home/ubuntu/workspace/cms/admin/includes/functions.php on line 2
[02-Dec-2017 23:44:45 UTC] PHP Stack trace:
[02-Dec-2017 23:44:45 UTC] PHP   1. {main}() /home/ubuntu/workspace/cms/admin/profile.php:0
[03-Dec-2017 02:21:18 UTC] PHP Fatal error:  Call to undefined function myslqi_query() in /home/ubuntu/workspace/cms/admin/index.php on line 36
[03-Dec-2017 02:21:18 UTC] PHP Stack trace:
[03-Dec-2017 02:21:18 UTC] PHP   1. {main}() /home/ubuntu/workspace/cms/admin/index.php:0
